0 verbose cli /usr/bin/node /usr/share/nodejs/npm/bin/npm-cli.js
1 info using npm@9.2.0
2 info using node@v18.19.1
3 timing npm:load:whichnode Completed in 0ms
4 timing config:load:defaults Completed in 4ms
5 timing config:load:file:/usr/share/nodejs/npm/npmrc Completed in 11ms
6 timing config:load:builtin Completed in 12ms
7 timing config:load:cli Completed in 15ms
8 timing config:load:env Completed in 1ms
9 timing config:load:file:/home/ls/TP3-devops/.npmrc Completed in 0ms
10 timing config:load:project Completed in 13ms
11 timing config:load:file:/home/ls/.npmrc Completed in 0ms
12 timing config:load:user Completed in 1ms
13 timing config:load:file:/etc/npmrc Completed in 0ms
14 timing config:load:global Completed in 1ms
15 timing config:load:setEnvs Completed in 3ms
16 timing config:load Completed in 52ms
17 timing npm:load:configload Completed in 52ms
18 timing npm:load:mkdirpcache Completed in 1ms
19 timing npm:load:mkdirplogs Completed in 0ms
20 verbose title npm exec TP3-devops .
21 verbose argv "exec" "--" "TP3-devops" "."
22 timing npm:load:setTitle Completed in 3ms
23 timing config:load:flatten Completed in 11ms
24 timing npm:load:display Completed in 12ms
25 verbose logfile logs-max:10 dir:/home/ls/.npm/_logs/2025-06-21T15_42_37_491Z-
26 verbose logfile /home/ls/.npm/_logs/2025-06-21T15_42_37_491Z-debug-0.log
27 timing npm:load:logFile Completed in 18ms
28 timing npm:load:timers Completed in 1ms
29 timing npm:load:configScope Completed in 0ms
30 timing npm:load Completed in 91ms
31 silly logfile done cleaning log files
32 timing arborist:ctor Completed in 1ms
33 http fetch GET 404 https://registry.npmjs.org/TP3-devops 773ms (cache skip)
34 http fetch GET 404 https://registry.npmjs.org/TP3-devops 620ms (cache skip)
35 timing command:exec Completed in 1453ms
36 verbose stack HttpErrorGeneral: 404 Not Found - GET https://registry.npmjs.org/TP3-devops - Not found
36 verbose stack     at /usr/share/nodejs/npm/node_modules/npm-registry-fetch/lib/check-response.js:95:15
36 verbose stack     at process.processTicksAndRejections (node:internal/process/task_queues:95:5)
36 verbose stack     at async RegistryFetcher.packument (/usr/share/nodejs/pacote/lib/registry.js:85:19)
36 verbose stack     at async RegistryFetcher.manifest (/usr/share/nodejs/pacote/lib/registry.js:116:23)
36 verbose stack     at async getManifest (/usr/share/nodejs/libnpmexec/lib/index.js:32:22)
36 verbose stack     at async missingFromTree (/usr/share/nodejs/libnpmexec/lib/index.js:58:22)
36 verbose stack     at async /usr/share/nodejs/libnpmexec/lib/index.js:167:32
36 verbose stack     at async Promise.all (index 0)
36 verbose stack     at async exec (/usr/share/nodejs/libnpmexec/lib/index.js:165:3)
36 verbose stack     at async module.exports (/usr/share/nodejs/npm/lib/cli.js:133:5)
37 verbose statusCode 404
38 verbose pkgid TP3-devops@*
39 verbose cwd /home/ls/TP3-devops
40 verbose Linux 5.15.167.4-microsoft-standard-WSL2
41 verbose node v18.19.1
42 verbose npm  v9.2.0
43 error code E404
44 error 404 Not Found - GET https://registry.npmjs.org/TP3-devops - Not found
45 error 404
46 error 404  'TP3-devops@*' is not in this registry.
47 error 404 This package name is not valid, because 
48 error 404  1. name can no longer contain capital letters
49 error 404
49 error 404 Note that you can also install from a
50 error 404 tarball, folder, http url, or git url.
51 verbose exit 1
52 timing npm Completed in 1607ms
53 verbose code 1
54 error A complete log of this run can be found in:
54 error     /home/ls/.npm/_logs/2025-06-21T15_42_37_491Z-debug-0.log
