0 verbose cli /usr/bin/node /usr/share/nodejs/npm/bin/npm-cli.js
1 info using npm@9.2.0
2 info using node@v18.19.1
3 timing npm:load:whichnode Completed in 1ms
4 timing config:load:defaults Completed in 5ms
5 timing config:load:file:/usr/share/nodejs/npm/npmrc Completed in 10ms
6 timing config:load:builtin Completed in 10ms
7 timing config:load:cli Completed in 3ms
8 timing config:load:env Completed in 3ms
9 timing config:load:file:/home/ls/TP3-devops/.npmrc Completed in 1ms
10 timing config:load:project Completed in 5ms
11 timing config:load:file:/home/ls/.npmrc Completed in 0ms
12 timing config:load:user Completed in 1ms
13 timing config:load:file:/etc/npmrc Completed in 0ms
14 timing config:load:global Completed in 1ms
15 timing config:load:setEnvs Completed in 4ms
16 timing config:load Completed in 32ms
17 timing npm:load:configload Completed in 32ms
18 timing npm:load:mkdirpcache Completed in 1ms
19 timing npm:load:mkdirplogs Completed in 1ms
20 verbose title npm exec create-react-app .
21 verbose argv "exec" "--" "create-react-app" "."
22 timing npm:load:setTitle Completed in 5ms
23 timing config:load:flatten Completed in 11ms
24 timing npm:load:display Completed in 15ms
25 verbose logfile logs-max:10 dir:/home/ls/.npm/_logs/2025-06-21T15_41_03_149Z-
26 verbose logfile /home/ls/.npm/_logs/2025-06-21T15_41_03_149Z-debug-0.log
27 timing npm:load:logFile Completed in 21ms
28 timing npm:load:timers Completed in 0ms
29 timing npm:load:configScope Completed in 0ms
30 timing npm:load Completed in 76ms
31 silly logfile done cleaning log files
32 timing arborist:ctor Completed in 3ms
33 http fetch GET 200 https://registry.npmjs.org/create-react-app 269ms (cache revalidated)
34 timing arborist:ctor Completed in 0ms
35 timing arborist:ctor Completed in 0ms
36 verbose shrinkwrap failed to load node_modules/.package-lock.json out of date, updated: node_modules/create-react-app
37 timing command:exec Completed in 1968ms
38 verbose exit 1
39 timing npm Completed in 2095ms
40 verbose code 1
