0 verbose cli /usr/bin/node /usr/bin/npm
1 info using npm@9.2.0
2 info using node@v18.19.1
3 timing npm:load:whichnode Completed in 1ms
4 timing config:load:defaults Completed in 4ms
5 timing config:load:file:/usr/share/nodejs/npm/npmrc Completed in 12ms
6 timing config:load:builtin Completed in 12ms
7 timing config:load:cli Completed in 5ms
8 timing config:load:env Completed in 1ms
9 timing config:load:file:/home/ls/react-docker-app/.npmrc Completed in 1ms
10 timing config:load:project Completed in 6ms
11 timing config:load:file:/home/ls/.npmrc Completed in 1ms
12 timing config:load:user Completed in 1ms
13 timing config:load:file:/etc/npmrc Completed in 0ms
14 timing config:load:global Completed in 0ms
15 timing config:load:setEnvs Completed in 3ms
16 timing config:load Completed in 35ms
17 timing npm:load:configload Completed in 36ms
18 timing npm:load:mkdirpcache Completed in 1ms
19 timing npm:load:mkdirplogs Completed in 1ms
20 verbose title npm
21 verbose argv "--version"
22 timing npm:load:setTitle Completed in 3ms
23 timing config:load:flatten Completed in 14ms
24 timing npm:load:display Completed in 16ms
25 verbose logfile logs-max:10 dir:/home/ls/.npm/_logs/2025-06-21T14_44_50_750Z-
26 verbose logfile /home/ls/.npm/_logs/2025-06-21T14_44_50_750Z-debug-0.log
27 timing npm:load:logFile Completed in 21ms
28 timing npm:load:timers Completed in 0ms
29 timing npm:load:configScope Completed in 0ms
30 timing npm:load Completed in 80ms
31 verbose exit 0
32 timing npm Completed in 98ms
33 info ok
