0 verbose cli /usr/bin/node /usr/bin/npm
1 info using npm@9.2.0
2 info using node@v18.19.1
3 timing npm:load:whichnode Completed in 1ms
4 timing config:load:defaults Completed in 4ms
5 timing config:load:file:/usr/share/nodejs/npm/npmrc Completed in 8ms
6 timing config:load:builtin Completed in 8ms
7 timing config:load:cli Completed in 5ms
8 timing config:load:env Completed in 1ms
9 timing config:load:file:/home/ls/react-docker-app/.npmrc Completed in 0ms
10 timing config:load:project Completed in 4ms
11 timing config:load:file:/home/ls/.npmrc Completed in 0ms
12 timing config:load:user Completed in 2ms
13 timing config:load:file:/etc/npmrc Completed in 0ms
14 timing config:load:global Completed in 0ms
15 timing config:load:setEnvs Completed in 3ms
16 timing config:load Completed in 28ms
17 timing npm:load:configload Completed in 29ms
18 timing npm:load:mkdirpcache Completed in 1ms
19 timing npm:load:mkdirplogs Completed in 0ms
20 verbose title npm create vite@latest . --template react
21 verbose argv "create" "vite@latest" "." "--" "--template" "react"
22 timing npm:load:setTitle Completed in 7ms
23 timing config:load:flatten Completed in 10ms
24 timing npm:load:display Completed in 12ms
25 verbose logfile logs-max:10 dir:/home/ls/.npm/_logs/2025-06-21T15_48_44_059Z-
26 verbose logfile /home/ls/.npm/_logs/2025-06-21T15_48_44_059Z-debug-0.log
27 timing npm:load:logFile Completed in 21ms
28 timing npm:load:timers Completed in 0ms
29 timing npm:load:configScope Completed in 0ms
30 timing npm:load Completed in 71ms
31 silly logfile done cleaning log files
32 timing config:load:flatten Completed in 1ms
33 timing arborist:ctor Completed in 1ms
34 timing arborist:ctor Completed in 0ms
35 http fetch GET 200 https://registry.npmjs.org/create-vite 309ms (cache miss)
36 timing arborist:ctor Completed in 0ms
37 timing arborist:ctor Completed in 1ms
38 timing idealTree:init Completed in 13ms
39 timing idealTree:userRequests Completed in 4ms
40 silly idealTree buildDeps
41 silly fetch manifest create-vite@6.5.0
42 http fetch GET 200 https://registry.npmjs.org/create-vite 51ms (cache hit)
43 silly placeDep ROOT create-vite@6.5.0 OK for:  want: 6.5.0
44 timing idealTree:#root Completed in 71ms
45 timing idealTree:node_modules/create-vite Completed in 0ms
46 timing idealTree:buildDeps Completed in 75ms
47 timing idealTree:fixDepFlags Completed in 1ms
48 timing idealTree Completed in 99ms
49 timing reify:loadTrees Completed in 99ms
50 timing reify:diffTrees Completed in 2ms
51 silly reify moves {}
52 timing reify:retireShallow Completed in 2ms
53 timing reify:createSparse Completed in 11ms
54 timing reify:loadBundles Completed in 0ms
55 silly audit bulk request { 'create-vite': [ '6.5.0' ] }
56 silly tarball no local data for create-vite@https://registry.npmjs.org/create-vite/-/create-vite-6.5.0.tgz. Extracting by manifest.
57 http fetch POST 200 https://registry.npmjs.org/-/npm/v1/security/advisories/bulk 352ms
58 timing auditReport:getReport Completed in 357ms
59 silly audit report {}
60 timing auditReport:init Completed in 0ms
61 timing reify:audit Completed in 360ms
62 http fetch GET 200 https://registry.npmjs.org/create-vite/-/create-vite-6.5.0.tgz 533ms (cache miss)
63 timing reifyNode:node_modules/create-vite Completed in 560ms
64 timing reify:unpack Completed in 560ms
65 timing reify:unretire Completed in 0ms
66 timing build:queue Completed in 2ms
67 timing build:link:node_modules/create-vite Completed in 7ms
68 timing build:link Completed in 7ms
69 timing build:deps Completed in 10ms
70 timing build Completed in 10ms
71 timing reify:build Completed in 12ms
72 timing reify:trash Completed in 0ms
73 timing reify:save Completed in 15ms
74 timing reify Completed in 727ms
75 timing command:create Completed in 26729ms
76 verbose exit 0
77 timing npm Completed in 26884ms
78 info ok
